<?xml version="1.0" encoding="UTF-8"?>
<!-- Generated by org.testng.reporters.JUnitXMLReporter -->
<testsuite ignored="4" hostname="DESKTOP-FAMSL03" failures="0" tests="4" name="Test" time="101.107" errors="0" timestamp="2025-03-26T09:46:07 IST">
  <testcase classname="testCaseRepo.TC_003" name="LE_003" time="13.784"/>
  <testcase classname="testCaseRepo.TC_001Test" name="LE_001" time="18.165"/>
  <testcase classname="testCaseRepo.TC_001Test" name="demo" time="0.002"/>
  <testcase classname="testCaseRepo.TC_002" name="LE_002" time="18.551"/>
  <testcase classname="genericUtility.BaseClass" name="@AfterSuite closeDBConnection" time="0.0">
    <ignored/>
  </testcase> <!-- @AfterSuite closeDBConnection -->
  <testcase classname="genericUtility.BaseClass" name="@BeforeSuite dbConnection" time="0.0">
    <ignored/>
  </testcase> <!-- @BeforeSuite dbConnection -->
  <testcase classname="genericUtility.BaseClass" name="@AfterSuite closeDBConnection" time="0.0">
    <ignored/>
  </testcase> <!-- @AfterSuite closeDBConnection -->
  <testcase classname="genericUtility.BaseClass" name="@BeforeSuite dbConnection" time="0.0">
    <ignored/>
  </testcase> <!-- @BeforeSuite dbConnection -->
</testsuite> <!-- Test -->
